<?xml version="1.0" encoding="UTF-8"?>
<!-- Generated by org.testng.reporters.JUnitXMLReporter -->
<testsuite ignored="10" hostname="IN-F18K1N3" failures="0" tests="5" name="Surefire test" time="0.04" errors="0" timestamp="2023-07-06T19:31:48 IST">
  <testcase classname="api.test.Base_Test" name="@BeforeMethod testMethodName" time="0.001">
    <failure type="java.lang.NullPointerException">
      <![CDATA[java.lang.NullPointerException
at api.test.Base_Test.testMethodName(Base_Test.java:44)
at java.base/java.util.ArrayList.forEach(ArrayList.java:1540)
... Removed 36 stack frames]]>
    </failure>
  </testcase> <!-- @BeforeMethod testMethodName -->
  <testcase classname="api.test.CreateBookingTest" name="@BeforeMethod setUp" time="-1.688652108552E9">
    <skipped/>
  </testcase> <!-- @BeforeMethod setUp -->
  <testcase classname="api.test.CreateBookingTest" name="@AfterMethod tearDown" time="-1.688652108554E9">
    <skipped/>
  </testcase> <!-- @AfterMethod tearDown -->
  <testcase classname="api.test.Base_Test" name="@AfterMethod capture_TestStatus" time="-1.688652108554E9">
    <skipped/>
  </testcase> <!-- @AfterMethod capture_TestStatus -->
  <testcase classname="api.test.Base_Test" name="@BeforeMethod testMethodName" time="0.0">
    <failure type="java.lang.NullPointerException">
      <![CDATA[java.lang.NullPointerException
at api.test.Base_Test.testMethodName(Base_Test.java:44)
at java.base/java.util.ArrayList.forEach(ArrayList.java:1540)
... Removed 36 stack frames]]>
    </failure>
  </testcase> <!-- @BeforeMethod testMethodName -->
  <testcase classname="api.test.CreateTokenTest" name="@BeforeMethod setUp" time="-1.688652108557E9">
    <skipped/>
  </testcase> <!-- @BeforeMethod setUp -->
  <testcase classname="api.test.CreateTokenTest" name="@AfterMethod tearDown" time="-1.688652108558E9">
    <skipped/>
  </testcase> <!-- @AfterMethod tearDown -->
  <testcase classname="api.test.Base_Test" name="@AfterMethod capture_TestStatus" time="-1.688652108558E9">
    <skipped/>
  </testcase> <!-- @AfterMethod capture_TestStatus -->
  <testcase classname="api.test.Base_Test" name="@BeforeMethod testMethodName" time="0.0">
    <failure type="java.lang.NullPointerException">
      <![CDATA[java.lang.NullPointerException
at api.test.Base_Test.testMethodName(Base_Test.java:44)
at java.base/java.util.ArrayList.forEach(ArrayList.java:1540)
... Removed 36 stack frames]]>
    </failure>
  </testcase> <!-- @BeforeMethod testMethodName -->
  <testcase classname="api.test.GetBookingIdsTest" name="@BeforeMethod setUp" time="-1.688652108559E9">
    <skipped/>
  </testcase> <!-- @BeforeMethod setUp -->
  <testcase classname="api.test.GetBookingIdsTest" name="@AfterMethod tearDown" time="-1.68865210856E9">
    <skipped/>
  </testcase> <!-- @AfterMethod tearDown -->
  <testcase classname="api.test.Base_Test" name="@AfterMethod capture_TestStatus" time="-1.68865210856E9">
    <skipped/>
  </testcase> <!-- @AfterMethod capture_TestStatus -->
  <testcase classname="api.test.Base_Test" name="@BeforeMethod testMethodName" time="0.0">
    <failure type="java.lang.NullPointerException">
      <![CDATA[java.lang.NullPointerException
at api.test.Base_Test.testMethodName(Base_Test.java:44)
at java.base/java.util.ArrayList.forEach(ArrayList.java:1540)
... Removed 36 stack frames]]>
    </failure>
  </testcase> <!-- @BeforeMethod testMethodName -->
  <testcase classname="api.test.GetBookingIdTest" name="@BeforeMethod setUp" time="-1.688652108561E9">
    <skipped/>
  </testcase> <!-- @BeforeMethod setUp -->
  <testcase classname="api.test.GetBookingIdTest" name="@AfterMethod tearDown" time="-1.688652108561E9">
    <skipped/>
  </testcase> <!-- @AfterMethod tearDown -->
  <testcase classname="api.test.Base_Test" name="@AfterMethod capture_TestStatus" time="-1.688652108561E9">
    <skipped/>
  </testcase> <!-- @AfterMethod capture_TestStatus -->
  <testcase classname="api.test.Base_Test" name="@BeforeMethod testMethodName" time="0.0">
    <failure type="java.lang.NullPointerException">
      <![CDATA[java.lang.NullPointerException
at api.test.Base_Test.testMethodName(Base_Test.java:44)
at java.base/java.util.ArrayList.forEach(ArrayList.java:1540)
... Removed 36 stack frames]]>
    </failure>
  </testcase> <!-- @BeforeMethod testMethodName -->
  <testcase classname="api.test.UpdateBookingTest" name="@BeforeMethod setUp" time="-1.688652108563E9">
    <skipped/>
  </testcase> <!-- @BeforeMethod setUp -->
  <testcase classname="api.test.UpdateBookingTest" name="@AfterMethod tearDown" time="-1.688652108563E9">
    <skipped/>
  </testcase> <!-- @AfterMethod tearDown -->
  <testcase classname="api.test.Base_Test" name="@AfterMethod capture_TestStatus" time="-1.688652108563E9">
    <skipped/>
  </testcase> <!-- @AfterMethod capture_TestStatus -->
  <testcase classname="api.test.CreateBookingTest" name="test_POSTBooking" time="0.0">
    <skipped/>
  </testcase> <!-- test_POSTBooking -->
  <testcase classname="api.test.CreateTokenTest" name="test_POSTGenerateToken" time="0.0">
    <skipped/>
  </testcase> <!-- test_POSTGenerateToken -->
  <testcase classname="api.test.GetBookingIdsTest" name="test_GetBookingIdsList" time="0.0">
    <skipped/>
  </testcase> <!-- test_GetBookingIdsList -->
  <testcase classname="api.test.GetBookingIdTest" name="test_GETBooking" time="0.0">
    <skipped/>
  </testcase> <!-- test_GETBooking -->
  <testcase classname="api.test.UpdateBookingTest" name="test_PUTBooking" time="0.0">
    <skipped/>
  </testcase> <!-- test_PUTBooking -->
  <testcase classname="api.test.Base_Test" name="@BeforeSuite reportSetup" time="0.0">
    <ignored/>
  </testcase> <!-- @BeforeSuite reportSetup -->
  <testcase classname="api.test.Base_Test" name="@BeforeSuite reportSetup" time="0.0">
    <ignored/>
  </testcase> <!-- @BeforeSuite reportSetup -->
  <testcase classname="api.test.Base_Test" name="@BeforeSuite reportSetup" time="0.0">
    <ignored/>
  </testcase> <!-- @BeforeSuite reportSetup -->
  <testcase classname="api.test.Base_Test" name="@BeforeSuite reportSetup" time="0.0">
    <ignored/>
  </testcase> <!-- @BeforeSuite reportSetup -->
  <testcase classname="api.test.Base_Test" name="@BeforeSuite reportSetup" time="0.0">
    <ignored/>
  </testcase> <!-- @BeforeSuite reportSetup -->
  <testcase classname="api.test.Base_Test" name="@AfterSuite generateReport" time="0.0">
    <ignored/>
  </testcase> <!-- @AfterSuite generateReport -->
  <testcase classname="api.test.Base_Test" name="@AfterSuite generateReport" time="0.0">
    <ignored/>
  </testcase> <!-- @AfterSuite generateReport -->
  <testcase classname="api.test.Base_Test" name="@AfterSuite generateReport" time="0.0">
    <ignored/>
  </testcase> <!-- @AfterSuite generateReport -->
  <testcase classname="api.test.Base_Test" name="@AfterSuite generateReport" time="0.0">
    <ignored/>
  </testcase> <!-- @AfterSuite generateReport -->
  <testcase classname="api.test.Base_Test" name="@AfterSuite generateReport" time="0.0">
    <ignored/>
  </testcase> <!-- @AfterSuite generateReport -->
</testsuite> <!-- Surefire test -->
