<?xml version="1.0" encoding="UTF-8"?>
<testsuite xmlns:xsi="http://www.w3.org/2001/XMLSchema-instance" xsi:noNamespaceSchemaLocation="https://maven.apache.org/surefire/maven-surefire-plugin/xsd/surefire-test-report.xsd" name="TestSuite" time="0.982" tests="26" errors="0" skipped="21" failures="5">
  <properties>
[...]
</properties>
  <testcase name="testMethodName" classname="api.test.CreateBookingTest" time="0.677">
    <failure type="java.lang.NullPointerException">java.lang.NullPointerException
</failure>
  </testcase>
  <testcase name="setUp" classname="api.test.CreateBookingTest" time="0">
    <skipped/>
  </testcase>
  <testcase name="test_POSTBooking" classname="api.test.CreateBookingTest" time="0">
    <skipped/>
  </testcase>
  <testcase name="tearDown" classname="api.test.CreateBookingTest" time="0">
    <skipped/>
  </testcase>
  <testcase name="capture_TestStatus" classname="api.test.CreateBookingTest" time="0">
    <skipped/>
  </testcase>
  <testcase name="testMethodName" classname="api.test.CreateTokenTest" time="0.004">
    <failure type="java.lang.NullPointerException">java.lang.NullPointerException
</failure>
  </testcase>
  <testcase name="setUp" classname="api.test.CreateTokenTest" time="0">
    <skipped/>
  </testcase>
  <testcase name="test_POSTGenerateToken" classname="api.test.CreateTokenTest" time="0">
    <skipped/>
  </testcase>
  <testcase name="tearDown" classname="api.test.CreateTokenTest" time="0">
    <skipped/>
  </testcase>
  <testcase name="capture_TestStatus" classname="api.test.CreateTokenTest" time="0">
    <skipped/>
  </testcase>
  <testcase name="testMethodName" classname="api.test.GetBookingIdsTest" time="0.001">
    <failure type="java.lang.NullPointerException">java.lang.NullPointerException
</failure>
  </testcase>
  <testcase name="setUp" classname="api.test.GetBookingIdsTest" time="0">
    <skipped/>
  </testcase>
  <testcase name="test_GetBookingIdsList" classname="api.test.GetBookingIdsTest" time="0">
    <skipped/>
  </testcase>
  <testcase name="tearDown" classname="api.test.GetBookingIdsTest" time="0">
    <skipped/>
  </testcase>
  <testcase name="capture_TestStatus" classname="api.test.GetBookingIdsTest" time="0">
    <skipped/>
  </testcase>
  <testcase name="testMethodName" classname="api.test.GetBookingIdTest" time="0.002">
    <failure type="java.lang.NullPointerException">java.lang.NullPointerException
</failure>
  </testcase>
  <testcase name="setUp" classname="api.test.GetBookingIdTest" time="0">
    <skipped/>
  </testcase>
  <testcase name="test_GETBooking" classname="api.test.GetBookingIdTest" time="0">
    <skipped/>
  </testcase>
  <testcase name="tearDown" classname="api.test.GetBookingIdTest" time="0">
    <skipped/>
  </testcase>
  <testcase name="capture_TestStatus" classname="api.test.GetBookingIdTest" time="0">
    <skipped/>
  </testcase>
  <testcase name="testMethodName" classname="api.test.UpdateBookingTest" time="0.002">
    <failure type="java.lang.NullPointerException">java.lang.NullPointerException
</failure>
  </testcase>
  <testcase name="setUp" classname="api.test.UpdateBookingTest" time="0">
    <skipped/>
  </testcase>
  <testcase name="test_PUTBooking" classname="api.test.UpdateBookingTest" time="0">
    <skipped/>
  </testcase>
  <testcase name="tearDown" classname="api.test.UpdateBookingTest" time="0">
    <skipped/>
  </testcase>
  <testcase name="capture_TestStatus" classname="api.test.UpdateBookingTest" time="0">
    <skipped/>
  </testcase>
  <testcase name="generateReport" classname="api.test.Base_Test" time="0">
    <skipped/>
  </testcase>
</testsuite>